mode: set
github.com/valdirmendesdev/go-hexagonal/application/product.go:8.13,10.2 1 1
github.com/valdirmendesdev/go-hexagonal/application/product.go:34.43,35.20 1 1
github.com/valdirmendesdev/go-hexagonal/application/product.go:39.2,39.49 1 1
github.com/valdirmendesdev/go-hexagonal/application/product.go:43.2,43.17 1 1
github.com/valdirmendesdev/go-hexagonal/application/product.go:47.2,47.57 1 1
github.com/valdirmendesdev/go-hexagonal/application/product.go:51.2,51.18 1 1
github.com/valdirmendesdev/go-hexagonal/application/product.go:35.20,37.3 1 1
github.com/valdirmendesdev/go-hexagonal/application/product.go:39.49,41.3 1 1
github.com/valdirmendesdev/go-hexagonal/application/product.go:43.17,45.3 1 1
github.com/valdirmendesdev/go-hexagonal/application/product.go:47.57,49.3 1 0
github.com/valdirmendesdev/go-hexagonal/application/product.go:54.34,55.17 1 1
github.com/valdirmendesdev/go-hexagonal/application/product.go:59.2,59.80 1 1
github.com/valdirmendesdev/go-hexagonal/application/product.go:55.17,58.3 2 1
github.com/valdirmendesdev/go-hexagonal/application/product.go:62.35,63.18 1 1
github.com/valdirmendesdev/go-hexagonal/application/product.go:67.2,67.77 1 1
github.com/valdirmendesdev/go-hexagonal/application/product.go:63.18,66.3 2 1
github.com/valdirmendesdev/go-hexagonal/application/product.go:70.34,72.2 1 0
github.com/valdirmendesdev/go-hexagonal/application/product.go:74.36,76.2 1 0
github.com/valdirmendesdev/go-hexagonal/application/product.go:78.38,80.2 1 0
github.com/valdirmendesdev/go-hexagonal/application/product.go:82.38,84.2 1 0
